# JRE version: OpenJDK Runtime Environment (17.0.2+8) (build 17.0.2+8-86)
# Java VM: OpenJDK 64-Bit Server VM (17.0.2+8-86, mixed mode, sharing, tiered, compressed oops, compressed class ptrs, g1 gc, windows-amd64)
GC Precious Log:
 CPUs: 8 total, 8 available
 Memory: 16178M
 Large Page Support: Disabled
 NUMA Support: Disabled
 Compressed Oops: Enabled (32-bit)
 Heap Region Size: 1M
 Heap Min Capacity: 256M
 Heap Initial Capacity: 256M
 Heap Max Capacity: 512M
 Pre-touch: Disabled
 Parallel Workers: 8
 Concurrent Workers: 2
 Concurrent Refinement Workers: 8
 Periodic GC: Disabled
Heap:
 garbage-first heap   total 262144K, used 180640K [0x00000000e0000000, 0x0000000100000000)
  region size 1024K, 9 young (9216K), 5 survivors (5120K)
 Metaspace       used 80740K, committed 83264K, reserved 397312K
  class space    used 10537K, committed 11264K, reserved 315392K
GC Heap History (20 events):
Event: 57434.797 GC heap before
{Heap before GC invocations=50 (full 0):
 garbage-first heap   total 262144K, used 137421K [0x00000000e0000000, 0x0000000100000000)
  region size 1024K, 12 young (12288K), 2 survivors (2048K)
 Metaspace       used 81660K, committed 83840K, reserved 389120K
  class space    used 10697K, committed 11264K, reserved 315392K
}
Event: 57434.827 GC heap after
{Heap after GC invocations=51 (full 0):
 garbage-first heap   total 262144K, used 114182K [0x00000000e0000000, 0x0000000100000000)
  region size 1024K, 2 young (2048K), 2 survivors (2048K)
 Metaspace       used 81660K, committed 83840K, reserved 389120K
  class space    used 10697K, committed 11264K, reserved 315392K
}
Event: 57436.086 GC heap before
{Heap before GC invocations=51 (full 0):
 garbage-first heap   total 262144K, used 201222K [0x00000000e0000000, 0x0000000100000000)
  region size 1024K, 88 young (90112K), 2 survivors (2048K)
 Metaspace       used 81728K, committed 83840K, reserved 389120K
  class space    used 10698K, committed 11264K, reserved 315392K
}
Event: 57436.102 GC heap after
{Heap after GC invocations=52 (full 0):
 garbage-first heap   total 262144K, used 126507K [0x00000000e0000000, 0x0000000100000000)
  region size 1024K, 11 young (11264K), 11 survivors (11264K)
 Metaspace       used 81728K, committed 83840K, reserved 389120K
  class space    used 10698K, committed 11264K, reserved 315392K
}
Event: 57438.326 GC heap before
{Heap before GC invocations=52 (full 0):
 garbage-first heap   total 262144K, used 207403K [0x00000000e0000000, 0x0000000100000000)
  region size 1024K, 87 young (89088K), 11 survivors (11264K)
 Metaspace       used 81982K, committed 83840K, reserved 389120K
  class space    used 10720K, committed 11264K, reserved 315392K
}
Event: 57438.359 GC heap after
{Heap after GC invocations=53 (full 0):
 garbage-first heap   total 262144K, used 146923K [0x00000000e0000000, 0x0000000100000000)
  region size 1024K, 11 young (11264K), 11 survivors (11264K)
 Metaspace       used 81982K, committed 83840K, reserved 389120K
  class space    used 10720K, committed 11264K, reserved 315392K
}
Event: 57440.482 GC heap before
{Heap before GC invocations=53 (full 0):
 garbage-first heap   total 262144K, used 203243K [0x00000000e0000000, 0x0000000100000000)
  region size 1024K, 67 young (68608K), 11 survivors (11264K)
 Metaspace       used 83502K, committed 84288K, reserved 389120K
  class space    used 10905K, committed 11264K, reserved 315392K
}
Event: 57440.497 GC heap after
{Heap after GC invocations=54 (full 0):
 garbage-first heap   total 262144K, used 149504K [0x00000000e0000000, 0x0000000100000000)
  region size 1024K, 6 young (6144K), 6 survivors (6144K)
 Metaspace       used 83502K, committed 84288K, reserved 389120K
  class space    used 10905K, committed 11264K, reserved 315392K
}
Event: 57915.540 GC heap before
{Heap before GC invocations=54 (full 0):
 garbage-first heap   total 262144K, used 205824K [0x00000000e0000000, 0x0000000100000000)
  region size 1024K, 62 young (63488K), 6 survivors (6144K)
 Metaspace       used 83688K, committed 84544K, reserved 389120K
  class space    used 10920K, committed 11328K, reserved 315392K
}
Event: 57915.554 GC heap after
{Heap after GC invocations=55 (full 0):
 garbage-first heap   total 262144K, used 150593K [0x00000000e0000000, 0x0000000100000000)
  region size 1024K, 6 young (6144K), 6 survivors (6144K)
 Metaspace       used 83688K, committed 84544K, reserved 389120K
  class space    used 10920K, committed 11328K, reserved 315392K
}
Event: 57916.370 GC heap before
{Heap before GC invocations=55 (full 0):
 garbage-first heap   total 262144K, used 208961K [0x00000000e0000000, 0x0000000100000000)
  region size 1024K, 63 young (64512K), 6 survivors (6144K)
 Metaspace       used 83715K, committed 84608K, reserved 389120K
  class space    used 10920K, committed 11328K, reserved 315392K
}
Event: 57916.382 GC heap after
{Heap after GC invocations=56 (full 0):
 garbage-first heap   total 262144K, used 156171K [0x00000000e0000000, 0x0000000100000000)
  region size 1024K, 7 young (7168K), 7 survivors (7168K)
 Metaspace       used 83715K, committed 84608K, reserved 389120K
  class space    used 10920K, committed 11328K, reserved 315392K
}
Event: 57917.010 GC heap before
{Heap before GC invocations=56 (full 0):
 garbage-first heap   total 262144K, used 211467K [0x00000000e0000000, 0x0000000100000000)
  region size 1024K, 61 young (62464K), 7 survivors (7168K)
 Metaspace       used 83720K, committed 84608K, reserved 389120K
  class space    used 10920K, committed 11328K, reserved 315392K
}
Event: 57917.025 GC heap after
{Heap after GC invocations=57 (full 0):
 garbage-first heap   total 262144K, used 162971K [0x00000000e0000000, 0x0000000100000000)
  region size 1024K, 7 young (7168K), 7 survivors (7168K)
 Metaspace       used 83720K, committed 84608K, reserved 389120K
  class space    used 10920K, committed 11328K, reserved 315392K
}
Event: 57917.782 GC heap before
{Heap before GC invocations=57 (full 0):
 garbage-first heap   total 262144K, used 213147K [0x00000000e0000000, 0x0000000100000000)
  region size 1024K, 57 young (58368K), 7 survivors (7168K)
 Metaspace       used 83813K, committed 84672K, reserved 397312K
  class space    used 10930K, committed 11328K, reserved 315392K
}
Event: 57917.801 GC heap after
{Heap after GC invocations=58 (full 0):
 garbage-first heap   total 262144K, used 171008K [0x00000000e0000000, 0x0000000100000000)
  region size 1024K, 8 young (8192K), 8 survivors (8192K)
 Metaspace       used 83813K, committed 84672K, reserved 397312K
  class space    used 10930K, committed 11328K, reserved 315392K
}
Event: 57919.445 GC heap before
{Heap before GC invocations=58 (full 0):
 garbage-first heap   total 262144K, used 218112K [0x00000000e0000000, 0x0000000100000000)
  region size 1024K, 51 young (52224K), 8 survivors (8192K)
 Metaspace       used 83894K, committed 84736K, reserved 397312K
  class space    used 10936K, committed 11328K, reserved 315392K
}
Event: 57919.459 GC heap after
{Heap after GC invocations=59 (full 0):
 garbage-first heap   total 262144K, used 182742K [0x00000000e0000000, 0x0000000100000000)
  region size 1024K, 7 young (7168K), 7 survivors (7168K)
 Metaspace       used 83894K, committed 84736K, reserved 397312K
  class space    used 10936K, committed 11328K, reserved 315392K
}
Event: 57920.553 GC heap before
{Heap before GC invocations=59 (full 0):
 garbage-first heap   total 262144K, used 212438K [0x00000000e0000000, 0x0000000100000000)
  region size 1024K, 37 young (37888K), 7 survivors (7168K)
 Metaspace       used 84301K, committed 85184K, reserved 397312K
  class space    used 10982K, committed 11392K, reserved 315392K
}
Event: 57920.564 GC heap after
{Heap after GC invocations=60 (full 0):
 garbage-first heap   total 262144K, used 188832K [0x00000000e0000000, 0x0000000100000000)
  region size 1024K, 5 young (5120K), 5 survivors (5120K)
 Metaspace       used 84301K, committed 85184K, reserved 397312K
  class space    used 10982K, committed 11392K, reserved 315392K
}

